<?xml version="1.0" encoding="UTF-8"?>
<!-- Generated by org.testng.reporters.JUnitReportReporter -->
<testsuite hostname="AKHANAM52ZXYD3" failures="0" tests="3" name="testngDemo.SampleTest" time="21.189" errors="0" timestamp="2022-12-28T15:12:49 IST" skipped="0">
  <testcase classname="testngDemo.SampleTest" name="ksa" time="10.740"/>
  <system-out/>
  <testcase classname="testngDemo.SampleTest" name="bhr" time="7.376"/>
  <system-out/>
  <testcase classname="testngDemo.SampleTest" name="kwt" time="3.073"/>
  <system-out/>
</testsuite> <!-- testngDemo.SampleTest -->
