<?xml version="1.0" encoding="UTF-8"?>
<!-- Generated by org.testng.reporters.JUnitReportReporter -->
<testsuite hostname="AKHANAM52ZXYD3" failures="0" tests="1" name="testngDemo.Sample" time="20.968" errors="0" timestamp="2022-12-28T15:09:20 IST" skipped="0">
  <testcase classname="testngDemo.Sample" name="tests" time="20.968"/>
  <system-out/>
</testsuite> <!-- testngDemo.Sample -->
